[INFO] [yavide_indexer.py:423]                      main(): Starting a Yavide indexer server ...
[INFO] [yavide_indexer.py:352]                       run(): Listening on 6000 port
[INFO] [yavide_indexer.py:355]                       run(): Connection accepted from ('127.0.0.1', 48210)
[INFO] [yavide_indexer.py:362]                       run(): Client request: ['start', 'YAVIDE', '4', '.cpp', '.cc', '.h', '.hpp', '/home/julesy/Workspace/moo-cpp/build', '.cxx_tags', '.java_tags', 'cscope.out']
[INFO] [yavide_indexer.py:393]           __start_indexer(): Starting the indexer ...
[INFO] [yavide_indexer.py:26]                  __init__(): Generating initial tags db.
[INFO] [yavide_indexer.py:62]          db_generate_impl(): Generating the db: 'ctags --languages=C,C++ --c++-kinds=+p --fields=+iaS --extra=+q -R -f /home/julesy/Workspace/moo-cpp/build/.cxx_tags "/home/julesy/Workspace/moo-cpp/build"'
[INFO] [yavide_indexer.py:149]     db_set_default_params(): Setting default parameters: ':set cscopetag | set cscopetagorder=0'
[INFO] [yavide_indexer.py:154]                    db_add(): Adding a new db connection: ':cscope add /home/julesy/Workspace/moo-cpp/build/cscope.out'
[INFO] [yavide_indexer.py:310]                  __init__(): File extension whitelist: ['.cpp', '.cc', '.h', '.hpp']
[INFO] [yavide_indexer.py:311]                  __init__(): Active indexers:
[INFO] [yavide_indexer.py:313]                  __init__(): For [Cxx] programming language:
[INFO] [yavide_indexer.py:317]                  __init__(): 		 <__main__.YavideCtagsIndexer_Cxx instance at 0x7fc530e3ee18>
[INFO] [yavide_indexer.py:317]                  __init__(): 		 <__main__.YavideCScopeIndexer instance at 0x7fc530e3ef80>
[INFO] [yavide_indexer.py:373]                       run(): Connection closed.
[INFO] [yavide_indexer.py:352]                       run(): Listening on 6000 port
[INFO] [yavide_indexer.py:334]                    update(): Filename: 'CMakeCXXCompilerId.cpp' Event_type: 'deleted' Programming lang: 'Cxx'
[INFO] [yavide_indexer.py:30]                    update(): Triggering update process on 'deleted' event.
[INFO] [yavide_indexer.py:72]                 on_delete(): File deleted: 'CMakeCXXCompilerId.cpp'
[INFO] [yavide_indexer.py:51]           db_delete_entry(): Deleting an entry from db: 'sed -i "\:CMakeCXXCompilerId.cpp:d" /home/julesy/Workspace/moo-cpp/build/.cxx_tags'
[INFO] [yavide_indexer.py:30]                    update(): Triggering update process on 'deleted' event.
[INFO] [yavide_indexer.py:175]                 on_delete(): File deleted: 'CMakeCXXCompilerId.cpp'
[INFO] [yavide_indexer.py:233]     db_generate_file_list(): Generating file list: 'find . -iname *.cpp -o -iname *.cc -o -iname *.h -o -iname *.hpp'
[INFO] [yavide_indexer.py:244]          db_generate_impl(): Generating the db: 'cscope -q -R -b -U'
[INFO] [yavide_indexer.py:159]                  db_reset(): Resetting the db connection: ':cscope reset'
[INFO] [yavide_indexer.py:334]                    update(): Filename: 'CMakeCXXCompilerId.cpp' Event_type: 'created' Programming lang: 'Cxx'
[INFO] [yavide_indexer.py:30]                    update(): Triggering update process on 'created' event.
[INFO] [yavide_indexer.py:66]                 on_create(): File created: 'CMakeCXXCompilerId.cpp'
[INFO] [yavide_indexer.py:62]          db_generate_impl(): Generating the db: 'ctags --languages=C,C++ --c++-kinds=+p --fields=+iaS --extra=+q -a -f /home/julesy/Workspace/moo-cpp/build/.cxx_tags "/home/julesy/Workspace/moo-cpp/build/CMakeFiles/2.8.12.2/CompilerIdCXX/CMakeCXXCompilerId.cpp"'
[INFO] [yavide_indexer.py:30]                    update(): Triggering update process on 'created' event.
[INFO] [yavide_indexer.py:166]                 on_create(): File created: 'CMakeCXXCompilerId.cpp'
[INFO] [yavide_indexer.py:233]     db_generate_file_list(): Generating file list: 'find . -iname *.cpp -o -iname *.cc -o -iname *.h -o -iname *.hpp'
[INFO] [yavide_indexer.py:244]          db_generate_impl(): Generating the db: 'cscope -q -R -b -U'
[INFO] [yavide_indexer.py:159]                  db_reset(): Resetting the db connection: ':cscope reset'
[INFO] [yavide_indexer.py:355]                       run(): Connection accepted from ('127.0.0.1', 48297)
[INFO] [yavide_indexer.py:362]                       run(): Client request: ['shutdown']
[INFO] [yavide_indexer.py:380]                       run(): Shutting the indexer down ...
[INFO] [yavide_indexer.py:415]            __stop_indexer(): Stopping the indexer ...
[INFO] [yavide_indexer.py:390]                       run(): Exiting ...
