Determining if the pthread_create exist failed with the following output:
Change Dir: /home/julesy/Workspace/moo-cpp/build/CMakeFiles/CMakeTmp

Run Build Command:/usr/bin/make "cmTryCompileExec396190819/fast"
/usr/bin/make -f CMakeFiles/cmTryCompileExec396190819.dir/build.make CMakeFiles/cmTryCompileExec396190819.dir/build
make[1]: Entering directory `/home/julesy/Workspace/moo-cpp/build/CMakeFiles/CMakeTmp'
/usr/bin/cmake -E cmake_progress_report /home/julesy/Workspace/moo-cpp/build/CMakeFiles/CMakeTmp/CMakeFiles 1
Building C object CMakeFiles/cmTryCompileExec396190819.dir/CheckSymbolExists.c.o
/usr/bin/cc    -o CMakeFiles/cmTryCompileExec396190819.dir/CheckSymbolExists.c.o   -c /home/julesy/Workspace/moo-cpp/build/CMakeFiles/CMakeTmp/CheckSymbolExists.c
Linking C executable cmTryCompileExec396190819
/usr/bin/cmake -E cmake_link_script CMakeFiles/cmTryCompileExec396190819.dir/link.txt --verbose=1
/usr/bin/cc       CMakeFiles/cmTryCompileExec396190819.dir/CheckSymbolExists.c.o  -o cmTryCompileExec396190819 -rdynamic 
CMakeFiles/cmTryCompileExec396190819.dir/CheckSymbolExists.c.o: In function `main':
CheckSymbolExists.c:(.text+0x16): undefined reference to `pthread_create'
collect2: error: ld returned 1 exit status
make[1]: Leaving directory `/home/julesy/Workspace/moo-cpp/build/CMakeFiles/CMakeTmp'
make[1]: *** [cmTryCompileExec396190819] Error 1
make: *** [cmTryCompileExec396190819/fast] Error 2

File /home/julesy/Workspace/moo-cpp/build/CMakeFiles/CMakeTmp/CheckSymbolExists.c:
/* */
#include <pthread.h>

int main(int argc, char** argv)
{
  (void)argv;
#ifndef pthread_create
  return ((int*)(&pthread_create))[argc];
#else
  (void)argc;
  return 0;
#endif
}

Determining if the function pthread_create exists in the pthreads failed with the following output:
Change Dir: /home/julesy/Workspace/moo-cpp/build/CMakeFiles/CMakeTmp

Run Build Command:/usr/bin/make "cmTryCompileExec634006358/fast"
/usr/bin/make -f CMakeFiles/cmTryCompileExec634006358.dir/build.make CMakeFiles/cmTryCompileExec634006358.dir/build
make[1]: Entering directory `/home/julesy/Workspace/moo-cpp/build/CMakeFiles/CMakeTmp'
/usr/bin/cmake -E cmake_progress_report /home/julesy/Workspace/moo-cpp/build/CMakeFiles/CMakeTmp/CMakeFiles 1
Building C object CMakeFiles/cmTryCompileExec634006358.dir/CheckFunctionExists.c.o
/usr/bin/cc   -DCHECK_FUNCTION_EXISTS=pthread_create   -o CMakeFiles/cmTryCompileExec634006358.dir/CheckFunctionExists.c.o   -c /usr/share/cmake-2.8/Modules/CheckFunctionExists.c
Linking C executable cmTryCompileExec634006358
/usr/bin/cmake -E cmake_link_script CMakeFiles/cmTryCompileExec634006358.dir/link.txt --verbose=1
/usr/bin/cc   -DCHECK_FUNCTION_EXISTS=pthread_create    CMakeFiles/cmTryCompileExec634006358.dir/CheckFunctionExists.c.o  -o cmTryCompileExec634006358 -rdynamic -lpthreads 
/usr/bin/ld: cannot find -lpthreads
collect2: error: ld returned 1 exit status
make[1]: *** [cmTryCompileExec634006358] Error 1
make[1]: Leaving directory `/home/julesy/Workspace/moo-cpp/build/CMakeFiles/CMakeTmp'
make: *** [cmTryCompileExec634006358/fast] Error 2


